{
  "RSpec": {
    "coverage": {
      "/Users/michaelwyatt/Sites/bible-jeopardy/app/models/board.rb": [
        1,
        1,
        1,
        1,
        1,
        null,
        1,
        null,
        null,
        1,
        0,
        0,
        null,
        0,
        null,
        null,
        null,
        1,
        0,
        0,
        null,
        0,
        null,
        null,
        null
      ],
      "/Users/michaelwyatt/Sites/bible-jeopardy/app/models/category.rb": [
        1,
        1,
        1,
        1,
        null,
        1,
        null
      ],
      "/Users/michaelwyatt/Sites/bible-jeopardy/app/models/categoryset.rb": [
        1,
        1,
        1,
        null
      ],
      "/Users/michaelwyatt/Sites/bible-jeopardy/app/models/clue.rb": [
        1,
        1,
        1,
        1,
        null,
        1,
        null,
        1,
        null,
        null,
        0,
        null,
        0,
        null,
        0,
        0,
        null,
        null,
        1,
        0,
        0,
        0,
        0,
        0,
        0,
        0,
        0,
        0,
        0,
        0,
        0,
        0,
        0,
        null,
        null,
        0,
        null,
        0,
        null,
        0,
        null,
        0,
        null,
        0,
        0,
        null,
        0,
        0,
        null,
        0,
        null,
        0,
        0,
        null,
        0,
        null,
        0,
        null,
        0,
        null,
        0,
        0,
        0,
        0,
        0,
        0,
        0,
        null,
        null,
        null,
        null,
        1,
        0,
        0,
        0,
        0,
        0,
        null,
        null,
        null
      ],
      "/Users/michaelwyatt/Sites/bible-jeopardy/app/models/clueset.rb": [
        1,
        1,
        1,
        null
      ],
      "/Users/michaelwyatt/Sites/bible-jeopardy/app/models/score.rb": [
        1,
        1,
        1,
        null
      ]
    },
    "timestamp": 1401118853
  }
}
